# JRE version: OpenJDK Runtime Environment (8.0_112-b06) (build 1.8.0_112-release-b06)
# Java VM: OpenJDK 64-Bit Server VM (25.112-b06 mixed mode linux-amd64 compressed oops)
Heap:
 PSYoungGen      total 316416K, used 120937K [0x00000000e0000000, 0x00000000f8000000, 0x0000000100000000)
  eden space 252928K, 42% used [0x00000000e0000000,0x00000000e67dd2c8,0x00000000ef700000)
  from space 63488K, 22% used [0x00000000f4200000,0x00000000f503d3a0,0x00000000f8000000)
  to   space 70144K, 0% used [0x00000000ef700000,0x00000000ef700000,0x00000000f3b80000)
 ParOldGen       total 203264K, used 149736K [0x00000000a0000000, 0x00000000ac680000, 0x00000000e0000000)
  object space 203264K, 73% used [0x00000000a0000000,0x00000000a923a010,0x00000000ac680000)
 Metaspace       used 80262K, capacity 81986K, committed 82200K, reserved 1122304K
  class space    used 9830K, capacity 10219K, committed 10280K, reserved 1048576K
GC Heap History (10 events):
Event: 11,342 GC heap before
{Heap before GC invocations=15 (full 3):
 PSYoungGen      total 176128K, used 138617K [0x00000000e0000000, 0x00000000ef900000, 0x0000000100000000)
  eden space 120832K, 100% used [0x00000000e0000000,0x00000000e7600000,0x00000000e7600000)
  from space 55296K, 32% used [0x00000000e7600000,0x00000000e875e788,0x00000000eac00000)
  to   space 52224K, 0% used [0x00000000ec600000,0x00000000ec600000,0x00000000ef900000)
 ParOldGen       total 203264K, used 85648K [0x00000000a0000000, 0x00000000ac680000, 0x00000000e0000000)
  object space 203264K, 42% used [0x00000000a0000000,0x00000000a53a4308,0x00000000ac680000)
 Metaspace       used 72054K, capacity 73390K, committed 73752K, reserved 1114112K
  class space    used 8922K, capacity 9243K, committed 9256K, reserved 1048576K
Event: 11,389 GC heap after
Heap after GC invocations=15 (full 3):
 PSYoungGen      total 198144K, used 42174K [0x00000000e0000000, 0x00000000f0500000, 0x0000000100000000)
  eden space 145920K, 0% used [0x00000000e0000000,0x00000000e0000000,0x00000000e8e80000)
  from space 52224K, 80% used [0x00000000ec600000,0x00000000eef2fb18,0x00000000ef900000)
  to   space 56832K, 0% used [0x00000000e8e80000,0x00000000e8e80000,0x00000000ec600000)
 ParOldGen       total 203264K, used 85656K [0x00000000a0000000, 0x00000000ac680000, 0x00000000e0000000)
  object space 203264K, 42% used [0x00000000a0000000,0x00000000a53a6308,0x00000000ac680000)
 Metaspace       used 72054K, capacity 73390K, committed 73752K, reserved 1114112K
  class space    used 8922K, capacity 9243K, committed 9256K, reserved 1048576K
}
Event: 12,032 GC heap before
{Heap before GC invocations=16 (full 3):
 PSYoungGen      total 198144K, used 184876K [0x00000000e0000000, 0x00000000f0500000, 0x0000000100000000)
  eden space 145920K, 97% used [0x00000000e0000000,0x00000000e8b5b8e0,0x00000000e8e80000)
  from space 52224K, 80% used [0x00000000ec600000,0x00000000eef2fb18,0x00000000ef900000)
  to   space 56832K, 0% used [0x00000000e8e80000,0x00000000e8e80000,0x00000000ec600000)
 ParOldGen       total 203264K, used 85656K [0x00000000a0000000, 0x00000000ac680000, 0x00000000e0000000)
  object space 203264K, 42% used [0x00000000a0000000,0x00000000a53a6308,0x00000000ac680000)
 Metaspace       used 72476K, capacity 73922K, committed 74136K, reserved 1114112K
  class space    used 8968K, capacity 9309K, committed 9384K, reserved 1048576K
Event: 12,078 GC heap after
Heap after GC invocations=16 (full 3):
 PSYoungGen      total 202752K, used 55605K [0x00000000e0000000, 0x00000000f3a00000, 0x0000000100000000)
  eden space 145920K, 0% used [0x00000000e0000000,0x00000000e0000000,0x00000000e8e80000)
  from space 56832K, 97% used [0x00000000e8e80000,0x00000000ec4cd620,0x00000000ec600000)
  to   space 65536K, 0% used [0x00000000efa00000,0x00000000efa00000,0x00000000f3a00000)
 ParOldGen       total 203264K, used 85664K [0x00000000a0000000, 0x00000000ac680000, 0x00000000e0000000)
  object space 203264K, 42% used [0x00000000a0000000,0x00000000a53a8308,0x00000000ac680000)
 Metaspace       used 72476K, capacity 73922K, committed 74136K, reserved 1114112K
  class space    used 8968K, capacity 9309K, committed 9384K, reserved 1048576K
}
Event: 13,050 GC heap before
{Heap before GC invocations=17 (full 3):
 PSYoungGen      total 202752K, used 201525K [0x00000000e0000000, 0x00000000f3a00000, 0x0000000100000000)
  eden space 145920K, 100% used [0x00000000e0000000,0x00000000e8e80000,0x00000000e8e80000)
  from space 56832K, 97% used [0x00000000e8e80000,0x00000000ec4cd620,0x00000000ec600000)
  to   space 65536K, 0% used [0x00000000efa00000,0x00000000efa00000,0x00000000f3a00000)
 ParOldGen       total 203264K, used 85664K [0x00000000a0000000, 0x00000000ac680000, 0x00000000e0000000)
  object space 203264K, 42% used [0x00000000a0000000,0x00000000a53a8308,0x00000000ac680000)
 Metaspace       used 74219K, capacity 75698K, committed 75800K, reserved 1116160K
  class space    used 9161K, capacity 9499K, committed 9512K, reserved 1048576K
Event: 13,110 GC heap after
Heap after GC invocations=17 (full 3):
 PSYoungGen      total 246272K, used 62338K [0x00000000e0000000, 0x00000000f4f00000, 0x0000000100000000)
  eden space 180736K, 0% used [0x00000000e0000000,0x00000000e0000000,0x00000000eb080000)
  from space 65536K, 95% used [0x00000000efa00000,0x00000000f36e0918,0x00000000f3a00000)
  to   space 75264K, 0% used [0x00000000eb080000,0x00000000eb080000,0x00000000efa00000)
 ParOldGen       total 203264K, used 91653K [0x00000000a0000000, 0x00000000ac680000, 0x00000000e0000000)
  object space 203264K, 45% used [0x00000000a0000000,0x00000000a5981610,0x00000000ac680000)
 Metaspace       used 74219K, capacity 75698K, committed 75800K, reserved 1116160K
  class space    used 9161K, capacity 9499K, committed 9512K, reserved 1048576K
}
Event: 13,279 GC heap before
{Heap before GC invocations=18 (full 3):
 PSYoungGen      total 246272K, used 235637K [0x00000000e0000000, 0x00000000f4f00000, 0x0000000100000000)
  eden space 180736K, 95% used [0x00000000e0000000,0x00000000ea93cc00,0x00000000eb080000)
  from space 65536K, 95% used [0x00000000efa00000,0x00000000f36e0918,0x00000000f3a00000)
  to   space 75264K, 0% used [0x00000000eb080000,0x00000000eb080000,0x00000000efa00000)
 ParOldGen       total 203264K, used 91653K [0x00000000a0000000, 0x00000000ac680000, 0x00000000e0000000)
  object space 203264K, 45% used [0x00000000a0000000,0x00000000a5981610,0x00000000ac680000)
 Metaspace       used 75181K, capacity 76704K, committed 76824K, reserved 1116160K
  class space    used 9295K, capacity 9654K, committed 9768K, reserved 1048576K
Event: 13,334 GC heap after
Heap after GC invocations=18 (full 3):
 PSYoungGen      total 256000K, used 20448K [0x00000000e0000000, 0x00000000f8880000, 0x0000000100000000)
  eden space 180736K, 0% used [0x00000000e0000000,0x00000000e0000000,0x00000000eb080000)
  from space 75264K, 27% used [0x00000000eb080000,0x00000000ec478258,0x00000000efa00000)
  to   space 72192K, 0% used [0x00000000f4200000,0x00000000f4200000,0x00000000f8880000)
 ParOldGen       total 203264K, used 130274K [0x00000000a0000000, 0x00000000ac680000, 0x00000000e0000000)
  object space 203264K, 64% used [0x00000000a0000000,0x00000000a7f38bb8,0x00000000ac680000)
 Metaspace       used 75181K, capacity 76704K, committed 76824K, reserved 1116160K
  class space    used 9295K, capacity 9654K, committed 9768K, reserved 1048576K
}
Event: 14,494 GC heap before
{Heap before GC invocations=19 (full 3):
 PSYoungGen      total 256000K, used 201184K [0x00000000e0000000, 0x00000000f8880000, 0x0000000100000000)
  eden space 180736K, 100% used [0x00000000e0000000,0x00000000eb080000,0x00000000eb080000)
  from space 75264K, 27% used [0x00000000eb080000,0x00000000ec478258,0x00000000efa00000)
  to   space 72192K, 0% used [0x00000000f4200000,0x00000000f4200000,0x00000000f8880000)
 ParOldGen       total 203264K, used 130274K [0x00000000a0000000, 0x00000000ac680000, 0x00000000e0000000)
  object space 203264K, 64% used [0x00000000a0000000,0x00000000a7f38bb8,0x00000000ac680000)
 Metaspace       used 79104K, capacity 80700K, committed 81048K, reserved 1120256K
  class space    used 9720K, capacity 10094K, committed 10152K, reserved 1048576K
Event: 14,525 GC heap after
Heap after GC invocations=19 (full 3):
 PSYoungGen      total 316416K, used 14580K [0x00000000e0000000, 0x00000000f8000000, 0x0000000100000000)
  eden space 252928K, 0% used [0x00000000e0000000,0x00000000e0000000,0x00000000ef700000)
  from space 63488K, 22% used [0x00000000f4200000,0x00000000f503d3a0,0x00000000f8000000)
  to   space 70144K, 0% used [0x00000000ef700000,0x00000000ef700000,0x00000000f3b80000)
 ParOldGen       total 203264K, used 149736K [0x00000000a0000000, 0x00000000ac680000, 0x00000000e0000000)
  object space 203264K, 73% used [0x00000000a0000000,0x00000000a923a010,0x00000000ac680000)
 Metaspace       used 79104K, capacity 80700K, committed 81048K, reserved 1120256K
  class space    used 9720K, capacity 10094K, committed 10152K, reserved 1048576K
}

